2026-05-04 16:28:58,648 | INFO | Conexão com banco estabelecida
2026-05-04 16:28:58,648 | INFO | Conexão com banco estabelecida
2026-05-04 16:28:59,776 | INFO | Conexão com banco estabelecida
2026-05-04 16:28:59,776 | INFO | Conexão com banco estabelecida
2026-05-11 14:33:38,812 | INFO | __main__ | Aplicação iniciada
2026-05-11 14:33:51,949 | ERROR | app.db | Erro conexão DB (tentativa 1/3): 1045 (28000): Access denied for user 'root'@'localhost' (using password: YES)
2026-05-11 14:33:53,982 | ERROR | app.db | Erro conexão DB (tentativa 2/3): 1045 (28000): Access denied for user 'root'@'localhost' (using password: YES)
2026-05-11 14:33:56,019 | ERROR | app.db | Erro conexão DB (tentativa 3/3): 1045 (28000): Access denied for user 'root'@'localhost' (using password: YES)
2026-05-11 14:33:56,020 | CRITICAL | app.db | Não foi possível conectar ao banco de dados
2026-05-11 14:33:56,020 | ERROR | app.auth | Erro no login (admin): Não foi possível conectar ao banco.
2026-05-11 14:38:07,426 | INFO | __main__ | Aplicação iniciada
2026-05-11 14:38:22,121 | ERROR | app.db | Erro conexão DB (tentativa 1/3): 1045 (28000): Access denied for user 'root'@'localhost' (using password: YES)
2026-05-11 14:38:24,168 | ERROR | app.db | Erro conexão DB (tentativa 2/3): 1045 (28000): Access denied for user 'root'@'localhost' (using password: YES)
2026-05-11 14:38:26,210 | ERROR | app.db | Erro conexão DB (tentativa 3/3): 1045 (28000): Access denied for user 'root'@'localhost' (using password: YES)
2026-05-11 14:38:26,210 | CRITICAL | app.db | Não foi possível conectar ao banco de dados
2026-05-11 14:38:26,211 | ERROR | app.auth | Erro no login (admin): Não foi possível conectar ao banco.
2026-05-11 14:38:56,344 | INFO | __main__ | Aplicação iniciada
2026-05-11 14:39:06,558 | INFO | app.db | Conexão com banco estabelecida
2026-05-11 14:39:06,890 | INFO | app.auth | Login realizado com sucesso: admin
2026-05-11 14:45:28,074 | INFO | __main__ | Aplicação iniciada
2026-05-11 14:46:08,947 | INFO | app.db | Conexão com banco estabelecida
2026-05-11 14:46:09,197 | INFO | app.auth | Login realizado com sucesso: admin
2026-05-11 14:49:53,712 | INFO | __main__ | Aplicação iniciada
2026-05-11 14:50:02,641 | INFO | app.db | Conexão com banco estabelecida
2026-05-11 14:50:02,890 | INFO | app.auth | Login realizado com sucesso: admin
2026-05-11 14:59:38,331 | INFO | __main__ | Aplicação iniciada
2026-05-11 14:59:48,268 | INFO | app.db | Conexão com banco estabelecida
2026-05-11 14:59:48,516 | INFO | app.auth | Login realizado com sucesso: admin
2026-05-11 15:01:43,492 | INFO | __main__ | Aplicação iniciada
2026-05-11 15:01:58,917 | INFO | app.db | Conexão com banco estabelecida
2026-05-11 15:01:59,165 | INFO | app.auth | Login realizado com sucesso: admin
2026-05-11 15:02:00,075 | INFO | app.db | Conexão com banco estabelecida
2026-05-11 15:02:51,325 | INFO | __main__ | Aplicação iniciada
2026-05-11 15:02:56,359 | INFO | app.db | Conexão com banco estabelecida
2026-05-11 15:02:56,615 | INFO | app.auth | Login realizado com sucesso: admin
2026-05-11 15:02:57,452 | INFO | app.db | Conexão com banco estabelecida
2026-05-11 17:02:32,670 | INFO | __main__ | Aplicação iniciada
2026-05-11 17:02:43,022 | INFO | app.db | Conexão com banco estabelecida
2026-05-11 17:02:43,311 | INFO | app.auth | Login realizado com sucesso: admin
2026-05-11 17:02:44,668 | INFO | app.db | Conexão com banco estabelecida
2026-05-11 17:04:35,918 | INFO | __main__ | Aplicação iniciada
2026-05-11 17:04:43,315 | INFO | app.db | Conexão com banco estabelecida
2026-05-11 17:04:43,569 | INFO | app.auth | Login realizado com sucesso: admin
2026-05-11 17:04:44,437 | INFO | app.db | Conexão com banco estabelecida
2026-05-11 17:15:45,150 | INFO | __main__ | Controle de Almoxarifado iniciado
2026-05-11 17:15:52,901 | INFO | app.db | Conexão com banco estabelecida
2026-05-11 17:15:53,155 | INFO | app.auth | Login realizado com sucesso: admin
2026-05-11 17:15:54,052 | INFO | app.db | Conexão com banco estabelecida
2026-05-11 17:17:26,503 | INFO | __main__ | Controle de Almoxarifado iniciado
2026-05-11 17:17:32,125 | INFO | app.db | Conexão com banco estabelecida
2026-05-11 17:17:32,381 | INFO | app.auth | Login realizado com sucesso: admin
2026-05-11 17:17:33,263 | INFO | app.db | Conexão com banco estabelecida
2026-05-11 17:17:57,220 | INFO | app.db | Conexão com banco estabelecida
2026-05-11 17:18:01,360 | INFO | app.db | Conexão com banco estabelecida
2026-05-11 17:18:04,943 | INFO | app.db | Conexão com banco estabelecida
2026-05-11 17:18:04,980 | INFO | app.db | Conexão com banco estabelecida
2026-05-11 17:18:07,166 | INFO | app.db | Conexão com banco estabelecida
2026-05-11 17:18:07,189 | ERROR | app.historico_service | Erro ao listar histórico: 1054 (42S22): Unknown column 'h.descricao' in 'field list'
2026-05-12 16:16:12,251 | INFO | __main__ | Controle de Almoxarifado iniciado
2026-05-12 16:16:29,048 | INFO | app.db | Conexão com banco estabelecida
2026-05-12 16:16:29,323 | INFO | app.auth | Login realizado com sucesso: admin
2026-05-12 16:20:08,355 | INFO | __main__ | Controle de Almoxarifado iniciado
2026-05-12 16:20:19,170 | INFO | app.db | Conexão com banco estabelecida
2026-05-12 16:20:19,424 | INFO | app.auth | Login realizado com sucesso: admin
2026-05-12 16:20:20,356 | INFO | app.db | Conexão com banco estabelecida
2026-05-12 16:22:52,679 | INFO | __main__ | Controle de Almoxarifado iniciado
2026-05-12 16:22:59,598 | INFO | app.db | Conexão com banco estabelecida
2026-05-12 16:22:59,852 | INFO | app.auth | Login realizado com sucesso: admin
2026-05-12 16:23:00,757 | INFO | app.db | Conexão com banco estabelecida
2026-05-12 16:23:25,073 | INFO | app.db | Conexão com banco estabelecida
2026-05-12 16:23:34,065 | INFO | app.db | Conexão com banco estabelecida
2026-05-12 16:25:37,646 | INFO | ui.dashboard | PDF gerado: relatorios\dashboard_20260512_162537.pdf
2026-05-12 16:26:07,364 | INFO | app.backup | Iniciando backup do banco: almoxarifado
2026-05-12 16:26:07,814 | INFO | app.backup | Backup gerado com sucesso: backup\20260512_162607.sql
2026-05-12 16:26:10,695 | INFO | ui.dashboard | Backup gerado: backup\20260512_162607.sql
